\BOOKMARK [0][-]{chapter.listoftables.1}{\376\377\000I\000n\000t\000r\000o\000d\000u\000\347\000\343\000o}{}% 1
\BOOKMARK [1][-]{section.listoftables.1.1}{\376\377\000I\000n\000t\000r\000o\000d\000u\000\347\000\343\000o\000\040\000a\000o\000\040\000P\000r\000o\000b\000l\000e\000m\000a}{chapter.listoftables.1}% 2
\BOOKMARK [1][-]{section.listoftables.1.2}{\376\377\000M\000o\000t\000i\000v\000a\000\347\000\343\000o}{chapter.listoftables.1}% 3
\BOOKMARK [1][-]{section.listoftables.1.3}{\376\377\000P\000r\000o\000c\000e\000d\000i\000m\000e\000n\000t\000o\000s\000\040\000M\000e\000d\000o\000t\000o\000l\000\363\000g\000i\000c\000o\000s}{chapter.listoftables.1}% 4
\BOOKMARK [1][-]{section.listoftables.1.4}{\376\377\000O\000b\000j\000e\000t\000i\000v\000o\000s}{chapter.listoftables.1}% 5
\BOOKMARK [2][-]{subsection.listoftables.1.4.1}{\376\377\000O\000b\000j\000e\000t\000i\000v\000o\000\040\000G\000e\000r\000a\000l}{section.listoftables.1.4}% 6
\BOOKMARK [2][-]{subsection.listoftables.1.4.2}{\376\377\000O\000b\000j\000e\000t\000i\000v\000o\000s\000\040\000E\000s\000p\000e\000c\000\355\000f\000i\000c\000o\000s}{section.listoftables.1.4}% 7
\BOOKMARK [1][-]{section.listoftables.1.5}{\376\377\000J\000u\000s\000t\000i\000f\000i\000c\000a\000t\000i\000v\000a}{chapter.listoftables.1}% 8
\BOOKMARK [1][-]{section.listoftables.1.6}{\376\377\000C\000r\000o\000n\000o\000g\000r\000a\000m\000a}{chapter.listoftables.1}% 9
\BOOKMARK [1][-]{section.listoftables.1.7}{\376\377\000E\000s\000t\000r\000u\000t\000u\000r\000a\000\040\000d\000o\000\040\000T\000r\000a\000b\000a\000l\000h\000o}{chapter.listoftables.1}% 10
\BOOKMARK [0][-]{chapter.listoftables.2}{\376\377\000R\000e\000v\000i\000s\000\343\000o\000\040\000d\000a\000\040\000L\000i\000t\000e\000r\000a\000t\000u\000r\000a}{}% 11
\BOOKMARK [1][-]{section.listoftables.2.1}{\376\377\000A\000l\000g\000o\000r\000i\000t\000m\000o\000s\000\040\000p\000a\000r\000a\000\040\000p\000o\000s\000i\000c\000i\000o\000n\000a\000m\000e\000n\000t\000o}{chapter.listoftables.2}% 12
\BOOKMARK [2][-]{subsection.listoftables.2.1.1}{\376\377\000G\000e\000o\000l\000o\000c\000a\000l\000i\000z\000a\000\347\000\343\000o}{section.listoftables.2.1}% 13
\BOOKMARK [2][-]{subsection.listoftables.2.1.2}{\376\377\000L\000o\000c\000a\000l\000i\000z\000a\000\347\000\343\000o\000\040\000p\000o\000r\000\040\000t\000e\000m\000p\000o}{section.listoftables.2.1}% 14
\BOOKMARK [2][-]{subsection.listoftables.2.1.3}{\376\377\000L\000o\000c\000a\000l\000i\000z\000a\000\347\000\343\000o\000\040\000p\000o\000r\000\040\000\342\000n\000g\000u\000l\000o\000s}{section.listoftables.2.1}% 15
\BOOKMARK [3][-]{subsubsection.listoftables.2.1.3.1}{\376\377\000E\000q\000u\000a\000\347\000\365\000e\000s\000\040\000d\000e\000\040\000\342\000n\000g\000u\000l\000o\000s}{subsection.listoftables.2.1.3}% 16
\BOOKMARK [2][-]{subsection.listoftables.2.1.4}{\376\377\000L\000o\000c\000a\000l\000i\000z\000a\000\347\000\343\000o\000\040\000p\000o\000r\000\040\000i\000n\000t\000e\000s\000i\000d\000a\000d\000e\000\040\000d\000e\000\040\000s\000i\000n\000a\000l}{section.listoftables.2.1}% 17
\BOOKMARK [3][-]{subsubsection.listoftables.2.1.4.1}{\376\377\000E\000q\000u\000a\000\347\000\365\000e\000s\000\040\000d\000e\000\040\000R\000S\000S\000I}{subsection.listoftables.2.1.4}% 18
\BOOKMARK [3][-]{subsubsection.listoftables.2.1.4.2}{\376\377\000E\000q\000u\000a\000\347\000\365\000e\000s\000\040\000H\000i\000b\000r\000i\000d\000o\000\040\000A\000o\000A\000+\000R\000S\000S\000I}{subsection.listoftables.2.1.4}% 19
\BOOKMARK [1][-]{section.listoftables.2.2}{\376\377\000F\000i\000l\000t\000r\000a\000g\000e\000m\000\040\000E\000s\000t\000o\000c\000\341\000s\000t\000i\000c\000a}{chapter.listoftables.2}% 20
\BOOKMARK [2][-]{subsection.listoftables.2.2.1}{\376\377\000F\000i\000l\000t\000r\000o\000\040\000d\000e\000\040\000K\000a\000l\000m\000a\000n}{section.listoftables.2.2}% 21
\BOOKMARK [2][-]{subsection.listoftables.2.2.2}{\376\377\000F\000i\000l\000t\000r\000o\000\040\000d\000e\000\040\000K\000a\000l\000m\000a\000n\000\040\000U\000n\000s\000c\000e\000n\000t\000e\000d}{section.listoftables.2.2}% 22
\BOOKMARK [1][-]{section.listoftables.2.3}{\376\377\000F\000u\000s\000\343\000o\000\040\000d\000e\000\040\000S\000e\000n\000s\000o\000r\000e\000s}{chapter.listoftables.2}% 23
\BOOKMARK [0][-]{chapter.listoftables.3}{\376\377\000M\000o\000d\000e\000l\000o\000\040\000d\000o\000\040\000S\000i\000s\000t\000e\000m\000a}{}% 24
\BOOKMARK [0][-]{chapter.listoftables.4}{\376\377\000R\000e\000s\000u\000l\000t\000a\000d\000o\000s}{}% 25
\BOOKMARK [0][-]{chapter.listoftables.5}{\376\377\000C\000o\000n\000c\000l\000u\000s\000\343\000o}{}% 26
